***Universal Parameters for SAUDI***
Wind (kts/mps); No. Doms; Hide fields under terrain; Color bar location;Wind Barb Freq.;Dupl. Snding;MajTick;MnrTick
10kts;3;visible;side;6,10,10,10;no;20;5
***Plot Specific Parameters***
Plot Name;Sha Int;Ctr Int ;Dsh Int ;Sha Max Smr; Sha Min Smr; Sha Max Wtr; Sha Min Wtr; Clr Tbl; Hghlt Line
T2mWnd;4,3,2,2;none,none,none,none;999,999,999,999;48;0;48;-12;Temperature;999
RHsfcWnd;10,10,10,10;999,999,999,999;999,999,999,999;90;10;90;10;HumidityCB;999
sfcstrm;10,10,10,10;999,999,999,999;999,999,999,999;70;10;70;10;PurpleMonoCB;999
Pre1hr;0.5,0.5,0.5,0.5;999,999,999,999;999,999,999,999;35;0.1;35;0.1;RainfallCust;999
radar;5,5,5,5;999,999,999,999;999,999,999,999;75;5;75;5;RadarCust;999
pcpwtr;4,4,4,4;999,999,999,999;999,999,999,999;76;4;76;4;PcpWtr3StepCust;999
cape;200,200,200,200;999,999,999,999;999,999,999,999;5000;0;3000;0;5StepCBCust;999
cin;50,50,50,50;999,999,999,999;999,999,999,999;0;-600;0;-600;BlueMonoCB;999
pblhgt;250,250,250,250;999,999,999,999;999,999,999,999;4000;0;4000;0;PBLCBCust;999
ms500h;200,200,200,200;4,3,2,2;3,2,1.5,1;3000;0;3000;0;Grayscale;540
T850Wnd;4,3,2,2;30,30,30,30;999,999,999,999;48;-16;40;-24;Temperature;999
T700Wnd;4,3,2,2;30,30,30,30;999,999,999,999;40;-24;40;-24;Temperature;999
T500Wnd;4,3,2,2;60,60,60,60;999,999,999,999;32;-32;32;-32;Temperature;999
RH850Wnd;10,10,10,10;999,999,999,999;999,999,999,999;90;10;90;10;HumidityCB;999
RH700Wnd;10,10,10,10;999,999,999,999;999,999,999,999;90;10;90;10;HumidityCB;999
RH500Wnd;10,10,10,10;999,999,999,999;999,999,999,999;90;10;90;10;HumidityCB;999
VV600m;200,200,200,200;10,20,40,50;999,999,999,999;3000;0;3000;0;Grayscale;999
Vor500Z;5,5,5,5;60,60,60,60;999,999,999,999;30;-30;30;-30;PosNegCB;999
Wnd300Z;20,20,20,20;120,120,120,120;999,999,999,999;190;70;190;70;PurpleMonoCB;999
IRsat;5,5,5,5;999,999,999,999;999,999,999,999;30;-70;30;-70;Cloud3StepCBCust;999
slhflux;50,50,50,50;999,999,999,999;999,999,999,999;600;-150;600;-150;FluxCBCust;999
sshflux;50,50,50,50;999,999,999,999;999,999,999,999;600;-150;600;-150;FluxCBCust;999
soilt1;3,3,2,2;999,999,999,999;999,999,999,999;308;248;308;248;T5StepCBCust;999
landuse;1,1,1,1;999,999,999,999;999,999,999,999;27,1,27,1;LandUse;999
LandUseTbl;1,1,1,1;999,999,999,999;999,999,999,999;999,999,999,999;MMM;999
WRFgrids;200,200,200,200;999,999,999,999;999,999,999,999;4000;0;4000;0;Grayscale;999
xsloc;200,200,200,200;999,999,999,999;999,999,999,999;4000;0;4000;0;Grayscale;999
xsthw;5,5,5,5;999,999,999,999;999,999,999,999;400;250;400;250;ThE3StepCBCust;999
xsrhw;10,10,10,10;999,999,999,999;999,999,999,999;90;10;90;10;HumidityCB;999
xswWnd;10,20,40,50;4,4,4,4;4,4,4,4;50;-50;50;-50;PosNegCB;999
***Sounding Parameters***
Domain; Sounding Locations
1;HLKF :OJAM :OICC :LCNC :LTBA
2;OEAH :OEDF :OEDR :OEGS :OEGT :OEHL :OEKK :OERF :OERR :OESH :OESK :OETB :OETR :OEWJ
3;OEAB :OEBA :OEBH :OEDW :OEGN :OEJD :OEJN :OEMA :OEMK :OENG :OERK :OERY :OETF :OEWD :OEYN
***Cross Section Parameters***
Domain; Cross Section End Points
1;21.5,39.20>26.43,49.80
2;21.5,39.20>26.43,49.80
2;21.5,39.20>24.71,46.73
***Overlays***
Range Outline Domains:
County Boundary Domains:
OESK;29.78,40.1; 2,
OETB;28.37,36.6; 2,
OEHL;27.43,41.68; 2,
OEKK;27.9,45.53; 2,
OEWJ;26.2,36.47; 2,
OEGS;26.3,43.77; 2,
OEDF;26.47,49.78; 2,
OEYN;24.15,38.07; 3,
OEMA;24.55,39.7; 2, 3,
OEDW;24.5,44.35; 2, 3,
OERY;24.72,46.73; 2, 3,
OEJD;21.5,39.2; 2, 3,
OEMK;21.43,39.77; 3,
OETF;21.48,40.55; 3,
OEBA;20.3,41.63; 2, 3
OEBH;19.98,42.62; 3,
OEWD;20.5,45.2; 2, 3
OEAB;18.23,42.65; 2, 3,
OEGN;16.9,42.58; 3,
OENG;17.62,44.42; 3,
OESH;17.47,47.12; 3,
***Terrain Heights***
Domain; Min; Max
1;0;4000
2;0;4000
3;0;4000
4;0;3000
***END OF INPUT***
