This file contains any messages produced by compilers while
running configure, to aid debugging if configure makes a mistake.

It was created by ANLOG-ENSEMBLE configure 1.0, which was
generated by GNU Autoconf 2.63.  Invocation command line was

  $ ./configure FC=ifort --enable-fast NETCDF_ROOT=/opt/cray/netcdf/4.4.0/INTEL/15.0 LDFLAGS=-L/app/unsupported/COST/git/2.4.4/gnu//lib -L/app/unsupported/COST/numpy/1.9.2/gnu//python2.7/lib -L/app/unsupported/COST/python/2.7.9/gnu//lib -L/app/unsupported/COST/tcltk/8.6.4/gnu//lib -L/app/unsupported/COST/bzip2/1.0.6/gnu//lib CC=icc CPPFLAGS=-I/app/unsupported/COST/python/2.7.9/gnu//include -I/app/unsupported/COST/tcltk/8.6.4/gnu//include -I/app/unsupported/COST/bzip2/1.0.6/gnu//include --no-create --no-recursion

## --------- ##
## Platform. ##
## --------- ##

hostname = excalibur-4dwx
uname -m = x86_64
uname -r = 3.0.101-0.47.106.11-default
uname -s = Linux
uname -v = #1 SMP Tue Jan 2 10:46:28 UTC 2018 (afabf7c)

/usr/bin/uname -p = unknown
/bin/uname -X     = unknown

/bin/arch              = x86_64
/usr/bin/arch -k       = unknown
/usr/convex/getsysinfo = unknown
/usr/bin/hostinfo      = unknown
/bin/machine           = unknown
/usr/bin/oslevel       = unknown
/bin/universe          = unknown

PATH: /app/unsupported/COST/git/2.4.4/gnu//bin
PATH: /opt/pgi/15.3.0/linux86-64/15.3/bin
PATH: /app/unsupported/COST/numpy/1.9.2/gnu//python2.7/bin
PATH: /app/unsupported/COST/python/2.7.9/gnu//bin
PATH: /app/unsupported/COST/tcltk/8.6.4/gnu//bin
PATH: /app/unsupported/COST/bzip2/1.0.6/gnu//bin
PATH: /opt/cray/netcdf/4.4.0/bin
PATH: ./
PATH: /usr/people/PBS/SLB
PATH: /app/unsupported/BC
PATH: /opt/cray/ccm/default/sbin
PATH: /opt/cray/ccm/default/bin
PATH: /opt/pbs/default/bin
PATH: /opt/cray/mpt/7.2.4/gni/bin
PATH: /opt/cray/rca/1.0.0-2.0502.60530.1.62.ari/bin
PATH: /opt/cray/alps/5.2.4-2.0502.9774.31.11.ari/sbin
PATH: /opt/cray/dvs/2.5_0.9.0-1.0502.2188.1.116.ari/bin
PATH: /opt/cray/xpmem/0.1-2.0502.64982.5.3.ari/bin
PATH: /opt/cray/pmi/5.0.8-1.0000.10843.170.1.ari/bin
PATH: /opt/cray/ugni/6.0-1.0502.10863.8.29.ari/bin
PATH: /opt/cray/udreg/2.3.2-1.0502.10518.2.17.ari/bin
PATH: /opt/cray/craype/2.4.1/bin
PATH: /opt/intel/compilers_and_libraries_2017.1.132/linux/bin/intel64
PATH: /opt/intel/compilers_and_libraries_2017.1.132/linux/mpi/intel64/bin
PATH: /opt/intel/debugger_2017/gdb/intel64_mic/bin
PATH: /opt/cray/switch/1.0-1.0502.60522.1.61.ari/bin
PATH: /opt/cray/eslogin/eswrap/1.3.3-1.020200.1280.0/bin
PATH: /opt/modules/3.2.10.3/bin
PATH: /usr/people/atec4dwx/bin
PATH: /usr/sbin
PATH: /usr/bsd
PATH: /sbin
PATH: /usr/bin
PATH: /bin
PATH: /usr/bin/X11
PATH: /usr/krb5/bin
PATH: /usr/brl/bin
PATH: /usr/local/bin
PATH: /usr/X11R6/bin
PATH: /usr/games
PATH: /usr/lib/mit/bin
PATH: /usr/lib/mit/sbin
PATH: .
PATH: /usr/lib/qt3/bin
PATH: /opt/cray/bin
PATH: /usr/brl/bin


## ----------- ##
## Core tests. ##
## ----------- ##

configure:2094: checking for a BSD-compatible install
configure:2162: result: /usr/bin/install -c
configure:2173: checking whether build environment is sane
configure:2233: result: yes
configure:2374: checking for a thread-safe mkdir -p
configure:2413: result: /bin/mkdir -p
configure:2426: checking for gawk
configure:2442: found /usr/bin/gawk
configure:2453: result: gawk
configure:2464: checking whether make sets $(MAKE)
configure:2486: result: yes
configure:2633: checking build system type
configure:2651: result: x86_64-unknown-linux-gnu
configure:2673: checking host system type
configure:2688: result: x86_64-unknown-linux-gnu
configure:2818: checking for Fortran compiler version
configure:2826: ifort --version >&5
ifort (IFORT) 17.0.1 20161005
Copyright (C) 1985-2016 Intel Corporation.  All rights reserved.

configure:2830: $? = 0
configure:2837: ifort -v >&5
ifort version 17.0.1
configure:2841: $? = 0
configure:2848: ifort -V >&5
Intel(R) Fortran Intel(R) 64 Compiler for applications running on Intel(R) 64, Version 17.0.1.132 Build 20161005
Copyright (C) 1985-2016 Intel Corporation.  All rights reserved.

configure:2852: $? = 0
configure:2866: checking for Fortran compiler default output file name
configure:2888: ifort  -L/app/unsupported/COST/git/2.4.4/gnu//lib -L/app/unsupported/COST/numpy/1.9.2/gnu//python2.7/lib -L/app/unsupported/COST/python/2.7.9/gnu//lib -L/app/unsupported/COST/tcltk/8.6.4/gnu//lib -L/app/unsupported/COST/bzip2/1.0.6/gnu//lib  conftest.f  >&5
configure:2892: $? = 0
configure:2930: result: a.out
configure:2949: checking whether the Fortran compiler works
configure:2959: ./a.out
configure:2963: $? = 0
configure:2982: result: yes
configure:2989: checking whether we are cross compiling
configure:2991: result: no
configure:2994: checking for suffix of executables
configure:3001: ifort -o conftest  -L/app/unsupported/COST/git/2.4.4/gnu//lib -L/app/unsupported/COST/numpy/1.9.2/gnu//python2.7/lib -L/app/unsupported/COST/python/2.7.9/gnu//lib -L/app/unsupported/COST/tcltk/8.6.4/gnu//lib -L/app/unsupported/COST/bzip2/1.0.6/gnu//lib  conftest.f  >&5
configure:3005: $? = 0
configure:3031: result: 
configure:3037: checking for suffix of object files
configure:3053: ifort -c   conftest.f >&5
configure:3057: $? = 0
configure:3082: result: o
configure:3090: checking whether we are using the GNU Fortran compiler
configure:3109: ifort -c   conftest.F >&5
conftest.F(3): error #5082: Syntax error, found END-OF-STATEMENT when expecting one of: => = . [ % ( :
       choke me
---------------^
compilation aborted for conftest.F (code 1)
configure:3116: $? = 1
configure: failed program was:
|       program main
| #ifndef __GNUC__
|        choke me
| #endif
| 
|       end
configure:3133: result: no
configure:3139: checking whether ifort accepts -g
configure:3156: ifort -c -g  conftest.f >&5
configure:3163: $? = 0
configure:3179: result: yes
configure:3203: checking whether make sets $(MAKE)
configure:3225: result: yes
configure:3296: checking for style of include used by make
configure:3324: result: GNU
configure:3394: checking for gcc
configure:3421: result: icc
configure:3653: checking for C compiler version
configure:3661: icc --version >&5
icc (ICC) 17.0.1 20161005
Copyright (C) 1985-2016 Intel Corporation.  All rights reserved.

configure:3665: $? = 0
configure:3672: icc -v >&5
icc version 17.0.1 (gcc version 4.3.0 compatibility)
configure:3676: $? = 0
configure:3683: icc -V >&5
Intel(R) C Intel(R) 64 Compiler for applications running on Intel(R) 64, Version 17.0.1.132 Build 20161005
Copyright (C) 1985-2016 Intel Corporation.  All rights reserved.

configure:3687: $? = 0
configure:3690: checking whether we are using the GNU C compiler
configure:3719: icc -c  -I/app/unsupported/COST/python/2.7.9/gnu//include -I/app/unsupported/COST/tcltk/8.6.4/gnu//include -I/app/unsupported/COST/bzip2/1.0.6/gnu//include conftest.c >&5
configure:3726: $? = 0
configure:3743: result: yes
configure:3752: checking whether icc accepts -g
configure:3782: icc -c -g -I/app/unsupported/COST/python/2.7.9/gnu//include -I/app/unsupported/COST/tcltk/8.6.4/gnu//include -I/app/unsupported/COST/bzip2/1.0.6/gnu//include conftest.c >&5
configure:3789: $? = 0
configure:3890: result: yes
configure:3907: checking for icc option to accept ISO C89
configure:3981: icc  -c -g -O2 -I/app/unsupported/COST/python/2.7.9/gnu//include -I/app/unsupported/COST/tcltk/8.6.4/gnu//include -I/app/unsupported/COST/bzip2/1.0.6/gnu//include conftest.c >&5
configure:3988: $? = 0
configure:4011: result: none needed
configure:4031: checking dependency style of icc
configure:4141: result: none
configure:4156: checking for a sed that does not truncate output
configure:4222: result: /usr/bin/sed
configure:4240: checking for grep that handles long lines and -e
configure:4300: result: /usr/bin/grep
configure:4305: checking for egrep
configure:4369: result: /usr/bin/grep -E
configure:4374: checking for fgrep
configure:4438: result: /usr/bin/grep -F
configure:4473: checking for ld used by icc
configure:4540: result: /usr/x86_64-suse-linux/bin/ld
configure:4549: checking if the linker (/usr/x86_64-suse-linux/bin/ld) is GNU ld
configure:4564: result: yes
configure:4576: checking for BSD- or MS-compatible name lister (nm)
configure:4625: result: /usr/bin/nm -B
configure:4743: checking the name lister (/usr/bin/nm -B) interface
configure:4750: icc -c -g -O2 -I/app/unsupported/COST/python/2.7.9/gnu//include -I/app/unsupported/COST/tcltk/8.6.4/gnu//include -I/app/unsupported/COST/bzip2/1.0.6/gnu//include conftest.c >&5
configure:4753: /usr/bin/nm -B "conftest.o"
configure:4756: output
0000000000000000 N .debug_info_seg
0000000000000000 B some_variable
configure:4763: result: BSD nm
configure:4766: checking whether ln -s works
configure:4770: result: yes
configure:4778: checking the maximum length of command line arguments
configure:4898: result: 3458764513820540925
configure:4915: checking whether the shell understands some XSI constructs
configure:4925: result: yes
configure:4929: checking whether the shell understands "+="
configure:4935: result: yes
configure:4970: checking for /usr/x86_64-suse-linux/bin/ld option to reload object files
configure:4977: result: -r
configure:5046: checking for objdump
configure:5062: found /usr/bin/objdump
configure:5073: result: objdump
configure:5105: checking how to recognize dependent libraries
configure:5301: result: pass_all
configure:5361: checking for ar
configure:5377: found /usr/bin/ar
configure:5388: result: ar
configure:5466: checking for strip
configure:5482: found /usr/bin/strip
configure:5493: result: strip
configure:5565: checking for ranlib
configure:5581: found /usr/bin/ranlib
configure:5592: result: ranlib
configure:5682: checking command to parse /usr/bin/nm -B output from icc object
configure:5800: icc -c -g -O2 -I/app/unsupported/COST/python/2.7.9/gnu//include -I/app/unsupported/COST/tcltk/8.6.4/gnu//include -I/app/unsupported/COST/bzip2/1.0.6/gnu//include conftest.c >&5
configure:5803: $? = 0
configure:5807: /usr/bin/nm -B conftest.o \| sed -n -e 's/^.*[	 ]\([ABCDGIRSTW][ABCDGIRSTW]*\)[	 ][	 ]*\([_A-Za-z][_A-Za-z0-9]*\)$/\1 \2 \2/p' \> conftest.nm
configure:5810: $? = 0
configure:5864: icc -o conftest -g -O2 -I/app/unsupported/COST/python/2.7.9/gnu//include -I/app/unsupported/COST/tcltk/8.6.4/gnu//include -I/app/unsupported/COST/bzip2/1.0.6/gnu//include -L/app/unsupported/COST/git/2.4.4/gnu//lib -L/app/unsupported/COST/numpy/1.9.2/gnu//python2.7/lib -L/app/unsupported/COST/python/2.7.9/gnu//lib -L/app/unsupported/COST/tcltk/8.6.4/gnu//lib -L/app/unsupported/COST/bzip2/1.0.6/gnu//lib conftest.c conftstm.o >&5
configure:5867: $? = 0
configure:5905: result: ok
configure:6001: icc -c -g -O2 -I/app/unsupported/COST/python/2.7.9/gnu//include -I/app/unsupported/COST/tcltk/8.6.4/gnu//include -I/app/unsupported/COST/bzip2/1.0.6/gnu//include conftest.c >&5
configure:6004: $? = 0
configure:6772: checking how to run the C preprocessor
configure:6812: icc -E -I/app/unsupported/COST/python/2.7.9/gnu//include -I/app/unsupported/COST/tcltk/8.6.4/gnu//include -I/app/unsupported/COST/bzip2/1.0.6/gnu//include conftest.c
configure:6819: $? = 0
configure:6850: icc -E -I/app/unsupported/COST/python/2.7.9/gnu//include -I/app/unsupported/COST/tcltk/8.6.4/gnu//include -I/app/unsupported/COST/bzip2/1.0.6/gnu//include conftest.c
conftest.c(10): error #2379: cannot open source file "ac_nonexistent.h"
  #include <ac_nonexistent.h>
                             ^

configure:6857: $? = 2
configure: failed program was:
| /* confdefs.h.  */
| #define PACKAGE_NAME "ANLOG-ENSEMBLE"
| #define PACKAGE_TARNAME "anlog-ensemble"
| #define PACKAGE_VERSION "1.0"
| #define PACKAGE_STRING "ANLOG-ENSEMBLE 1.0"
| #define PACKAGE_BUGREPORT "lucadm@ucar.edu"
| #define PACKAGE "anlog-ensemble"
| #define VERSION "1.0"
| /* end confdefs.h.  */
| #include <ac_nonexistent.h>
configure:6890: result: icc -E
configure:6919: icc -E -I/app/unsupported/COST/python/2.7.9/gnu//include -I/app/unsupported/COST/tcltk/8.6.4/gnu//include -I/app/unsupported/COST/bzip2/1.0.6/gnu//include conftest.c
configure:6926: $? = 0
configure:6957: icc -E -I/app/unsupported/COST/python/2.7.9/gnu//include -I/app/unsupported/COST/tcltk/8.6.4/gnu//include -I/app/unsupported/COST/bzip2/1.0.6/gnu//include conftest.c
conftest.c(10): error #2379: cannot open source file "ac_nonexistent.h"
  #include <ac_nonexistent.h>
                             ^

configure:6964: $? = 2
configure: failed program was:
| /* confdefs.h.  */
| #define PACKAGE_NAME "ANLOG-ENSEMBLE"
| #define PACKAGE_TARNAME "anlog-ensemble"
| #define PACKAGE_VERSION "1.0"
| #define PACKAGE_STRING "ANLOG-ENSEMBLE 1.0"
| #define PACKAGE_BUGREPORT "lucadm@ucar.edu"
| #define PACKAGE "anlog-ensemble"
| #define VERSION "1.0"
| /* end confdefs.h.  */
| #include <ac_nonexistent.h>
configure:7004: checking for ANSI C header files
configure:7034: icc -c -g -O2 -I/app/unsupported/COST/python/2.7.9/gnu//include -I/app/unsupported/COST/tcltk/8.6.4/gnu//include -I/app/unsupported/COST/bzip2/1.0.6/gnu//include conftest.c >&5
configure:7041: $? = 0
configure:7140: icc -o conftest -g -O2 -I/app/unsupported/COST/python/2.7.9/gnu//include -I/app/unsupported/COST/tcltk/8.6.4/gnu//include -I/app/unsupported/COST/bzip2/1.0.6/gnu//include -L/app/unsupported/COST/git/2.4.4/gnu//lib -L/app/unsupported/COST/numpy/1.9.2/gnu//python2.7/lib -L/app/unsupported/COST/python/2.7.9/gnu//lib -L/app/unsupported/COST/tcltk/8.6.4/gnu//lib -L/app/unsupported/COST/bzip2/1.0.6/gnu//lib conftest.c  >&5
configure:7144: $? = 0
configure:7150: ./conftest
configure:7154: $? = 0
configure:7172: result: yes
configure:7196: checking for sys/types.h
configure:7217: icc -c -g -O2 -I/app/unsupported/COST/python/2.7.9/gnu//include -I/app/unsupported/COST/tcltk/8.6.4/gnu//include -I/app/unsupported/COST/bzip2/1.0.6/gnu//include conftest.c >&5
configure:7224: $? = 0
configure:7241: result: yes
configure:7196: checking for sys/stat.h
configure:7217: icc -c -g -O2 -I/app/unsupported/COST/python/2.7.9/gnu//include -I/app/unsupported/COST/tcltk/8.6.4/gnu//include -I/app/unsupported/COST/bzip2/1.0.6/gnu//include conftest.c >&5
configure:7224: $? = 0
configure:7241: result: yes
configure:7196: checking for stdlib.h
configure:7217: icc -c -g -O2 -I/app/unsupported/COST/python/2.7.9/gnu//include -I/app/unsupported/COST/tcltk/8.6.4/gnu//include -I/app/unsupported/COST/bzip2/1.0.6/gnu//include conftest.c >&5
configure:7224: $? = 0
configure:7241: result: yes
configure:7196: checking for string.h
configure:7217: icc -c -g -O2 -I/app/unsupported/COST/python/2.7.9/gnu//include -I/app/unsupported/COST/tcltk/8.6.4/gnu//include -I/app/unsupported/COST/bzip2/1.0.6/gnu//include conftest.c >&5
configure:7224: $? = 0
configure:7241: result: yes
configure:7196: checking for memory.h
configure:7217: icc -c -g -O2 -I/app/unsupported/COST/python/2.7.9/gnu//include -I/app/unsupported/COST/tcltk/8.6.4/gnu//include -I/app/unsupported/COST/bzip2/1.0.6/gnu//include conftest.c >&5
configure:7224: $? = 0
configure:7241: result: yes
configure:7196: checking for strings.h
configure:7217: icc -c -g -O2 -I/app/unsupported/COST/python/2.7.9/gnu//include -I/app/unsupported/COST/tcltk/8.6.4/gnu//include -I/app/unsupported/COST/bzip2/1.0.6/gnu//include conftest.c >&5
configure:7224: $? = 0
configure:7241: result: yes
configure:7196: checking for inttypes.h
configure:7217: icc -c -g -O2 -I/app/unsupported/COST/python/2.7.9/gnu//include -I/app/unsupported/COST/tcltk/8.6.4/gnu//include -I/app/unsupported/COST/bzip2/1.0.6/gnu//include conftest.c >&5
configure:7224: $? = 0
configure:7241: result: yes
configure:7196: checking for stdint.h
configure:7217: icc -c -g -O2 -I/app/unsupported/COST/python/2.7.9/gnu//include -I/app/unsupported/COST/tcltk/8.6.4/gnu//include -I/app/unsupported/COST/bzip2/1.0.6/gnu//include conftest.c >&5
configure:7224: $? = 0
configure:7241: result: yes
configure:7196: checking for unistd.h
configure:7217: icc -c -g -O2 -I/app/unsupported/COST/python/2.7.9/gnu//include -I/app/unsupported/COST/tcltk/8.6.4/gnu//include -I/app/unsupported/COST/bzip2/1.0.6/gnu//include conftest.c >&5
configure:7224: $? = 0
configure:7241: result: yes
configure:7259: checking for dlfcn.h
configure:7280: icc -c -g -O2 -I/app/unsupported/COST/python/2.7.9/gnu//include -I/app/unsupported/COST/tcltk/8.6.4/gnu//include -I/app/unsupported/COST/bzip2/1.0.6/gnu//include conftest.c >&5
configure:7287: $? = 0
configure:7304: result: yes
configure:7425: checking for Fortran compiler version
configure:7433: ifort --version >&5
ifort (IFORT) 17.0.1 20161005
Copyright (C) 1985-2016 Intel Corporation.  All rights reserved.

configure:7437: $? = 0
configure:7444: ifort -v >&5
ifort version 17.0.1
configure:7448: $? = 0
configure:7455: ifort -V >&5
Intel(R) Fortran Intel(R) 64 Compiler for applications running on Intel(R) 64, Version 17.0.1.132 Build 20161005
Copyright (C) 1985-2016 Intel Corporation.  All rights reserved.

configure:7459: $? = 0
configure:7467: checking whether we are using the GNU Fortran compiler
configure:7510: result: no
configure:7516: checking whether ifort accepts -g
configure:7556: result: yes
configure:7758: checking for objdir
configure:7773: result: .libs
configure:8069: checking if icc supports -fno-rtti -fno-exceptions
configure:8087: icc -c -g -O2 -I/app/unsupported/COST/python/2.7.9/gnu//include -I/app/unsupported/COST/tcltk/8.6.4/gnu//include -I/app/unsupported/COST/bzip2/1.0.6/gnu//include -fno-rtti -fno-exceptions conftest.c >&5
configure:8091: $? = 0
configure:8104: result: yes
configure:8124: checking for icc option to produce PIC
configure:8396: result: -fPIC -DPIC
configure:8408: checking if icc PIC flag -fPIC -DPIC works
configure:8426: icc -c -g -O2 -I/app/unsupported/COST/python/2.7.9/gnu//include -I/app/unsupported/COST/tcltk/8.6.4/gnu//include -I/app/unsupported/COST/bzip2/1.0.6/gnu//include -fPIC -DPIC -DPIC conftest.c >&5
configure:8430: $? = 0
configure:8443: result: yes
configure:8467: checking if icc static flag -static works
configure:8495: result: yes
configure:8510: checking if icc supports -c -o file.o
configure:8531: icc -c -g -O2 -I/app/unsupported/COST/python/2.7.9/gnu//include -I/app/unsupported/COST/tcltk/8.6.4/gnu//include -I/app/unsupported/COST/bzip2/1.0.6/gnu//include -o out/conftest2.o conftest.c >&5
configure:8535: $? = 0
configure:8557: result: yes
configure:8565: checking if icc supports -c -o file.o
configure:8612: result: yes
configure:8645: checking whether the icc linker (/usr/x86_64-suse-linux/bin/ld -m elf_x86_64) supports shared libraries
configure:9719: result: yes
configure:9958: checking dynamic linker characteristics
configure:10401: icc -o conftest -g -O2 -I/app/unsupported/COST/python/2.7.9/gnu//include -I/app/unsupported/COST/tcltk/8.6.4/gnu//include -I/app/unsupported/COST/bzip2/1.0.6/gnu//include -L/app/unsupported/COST/git/2.4.4/gnu//lib -L/app/unsupported/COST/numpy/1.9.2/gnu//python2.7/lib -L/app/unsupported/COST/python/2.7.9/gnu//lib -L/app/unsupported/COST/tcltk/8.6.4/gnu//lib -L/app/unsupported/COST/bzip2/1.0.6/gnu//lib -Wl,-rpath -Wl,/foo conftest.c  >&5
configure:10408: $? = 0
configure:10644: result: GNU/Linux ld.so
configure:10746: checking how to hardcode library paths into programs
configure:10771: result: immediate
configure:11604: checking whether stripping libraries is possible
configure:11609: result: yes
configure:11644: checking if libtool supports shared libraries
configure:11646: result: yes
configure:11649: checking whether to build shared libraries
configure:11670: result: no
configure:11673: checking whether to build static libraries
configure:11677: result: yes
configure:11799: checking if libtool supports shared libraries
configure:11801: result: yes
configure:11804: checking whether to build shared libraries
configure:11824: result: no
configure:11827: checking whether to build static libraries
configure:11831: result: yes
configure:11857: ifort -c -g  conftest.f >&5
configure:11860: $? = 0
configure:11988: checking for ifort option to produce PIC
configure:12260: result: -fPIC
configure:12269: checking if ifort PIC flag -fPIC works
configure:12287: ifort -c -g -fPIC  conftest.f >&5
configure:12291: $? = 0
configure:12304: result: yes
configure:12325: checking if ifort static flag -static works
configure:12353: result: yes
configure:12365: checking if ifort supports -c -o file.o
configure:12386: ifort -c -g -o out/conftest2.o  conftest.f >&5
configure:12390: $? = 0
configure:12412: result: yes
configure:12417: checking if ifort supports -c -o file.o
configure:12464: result: yes
configure:12494: checking whether the ifort linker (/usr/x86_64-suse-linux/bin/ld -m elf_x86_64) supports shared libraries
configure:13548: result: yes
configure:13685: checking dynamic linker characteristics
configure:14066: ifort -o conftest -g -L/app/unsupported/COST/git/2.4.4/gnu//lib -L/app/unsupported/COST/numpy/1.9.2/gnu//python2.7/lib -L/app/unsupported/COST/python/2.7.9/gnu//lib -L/app/unsupported/COST/tcltk/8.6.4/gnu//lib -L/app/unsupported/COST/bzip2/1.0.6/gnu//lib -Wl,-rpath -Wl,/foo  conftest.f  >&5
configure:14073: $? = 0
configure:14309: result: GNU/Linux ld.so
configure:14360: checking how to hardcode library paths into programs
configure:14385: result: immediate
configure:14715: creating ./config.status

## ---------------- ##
## Cache variables. ##
## ---------------- ##

ac_cv_build=x86_64-unknown-linux-gnu
ac_cv_c_compiler_gnu=yes
ac_cv_env_CC_set=set
ac_cv_env_CC_value=icc
ac_cv_env_CFLAGS_set=
ac_cv_env_CFLAGS_value=
ac_cv_env_CPPFLAGS_set=set
ac_cv_env_CPPFLAGS_value='-I/app/unsupported/COST/python/2.7.9/gnu//include -I/app/unsupported/COST/tcltk/8.6.4/gnu//include -I/app/unsupported/COST/bzip2/1.0.6/gnu//include'
ac_cv_env_CPP_set=
ac_cv_env_CPP_value=
ac_cv_env_FCFLAGS_set=
ac_cv_env_FCFLAGS_value=
ac_cv_env_FC_set=set
ac_cv_env_FC_value=ifort
ac_cv_env_LDFLAGS_set=set
ac_cv_env_LDFLAGS_value='-L/app/unsupported/COST/git/2.4.4/gnu//lib -L/app/unsupported/COST/numpy/1.9.2/gnu//python2.7/lib -L/app/unsupported/COST/python/2.7.9/gnu//lib -L/app/unsupported/COST/tcltk/8.6.4/gnu//lib -L/app/unsupported/COST/bzip2/1.0.6/gnu//lib'
ac_cv_env_LIBS_set=
ac_cv_env_LIBS_value=
ac_cv_env_MPI_set=
ac_cv_env_MPI_value=
ac_cv_env_NETCDF_ROOT_set=set
ac_cv_env_NETCDF_ROOT_value=/opt/cray/netcdf/4.4.0/INTEL/15.0
ac_cv_env_build_alias_set=
ac_cv_env_build_alias_value=
ac_cv_env_host_alias_set=
ac_cv_env_host_alias_value=
ac_cv_env_target_alias_set=
ac_cv_env_target_alias_value=
ac_cv_fc_compiler_gnu=no
ac_cv_header_dlfcn_h=yes
ac_cv_header_inttypes_h=yes
ac_cv_header_memory_h=yes
ac_cv_header_stdc=yes
ac_cv_header_stdint_h=yes
ac_cv_header_stdlib_h=yes
ac_cv_header_string_h=yes
ac_cv_header_strings_h=yes
ac_cv_header_sys_stat_h=yes
ac_cv_header_sys_types_h=yes
ac_cv_header_unistd_h=yes
ac_cv_host=x86_64-unknown-linux-gnu
ac_cv_objext=o
ac_cv_path_EGREP='/usr/bin/grep -E'
ac_cv_path_FGREP='/usr/bin/grep -F'
ac_cv_path_GREP=/usr/bin/grep
ac_cv_path_SED=/usr/bin/sed
ac_cv_path_install='/usr/bin/install -c'
ac_cv_path_mkdir=/bin/mkdir
ac_cv_prog_AWK=gawk
ac_cv_prog_CPP='icc -E'
ac_cv_prog_ac_ct_AR=ar
ac_cv_prog_ac_ct_CC=icc
ac_cv_prog_ac_ct_OBJDUMP=objdump
ac_cv_prog_ac_ct_RANLIB=ranlib
ac_cv_prog_ac_ct_STRIP=strip
ac_cv_prog_cc_c89=
ac_cv_prog_cc_g=yes
ac_cv_prog_fc_g=yes
ac_cv_prog_make_make_set=yes
am_cv_CC_dependencies_compiler_type=none
lt_cv_deplibs_check_method=pass_all
lt_cv_file_magic_cmd='$MAGIC_CMD'
lt_cv_file_magic_test_file=
lt_cv_ld_reload_flag=-r
lt_cv_nm_interface='BSD nm'
lt_cv_objdir=.libs
lt_cv_path_LD=/usr/x86_64-suse-linux/bin/ld
lt_cv_path_NM='/usr/bin/nm -B'
lt_cv_prog_compiler_c_o=yes
lt_cv_prog_compiler_c_o_FC=yes
lt_cv_prog_compiler_pic_works=yes
lt_cv_prog_compiler_pic_works_FC=yes
lt_cv_prog_compiler_rtti_exceptions=yes
lt_cv_prog_compiler_static_works=yes
lt_cv_prog_compiler_static_works_FC=yes
lt_cv_prog_gnu_ld=yes
lt_cv_sys_global_symbol_pipe='sed -n -e '\''s/^.*[	 ]\([ABCDGIRSTW][ABCDGIRSTW]*\)[	 ][	 ]*\([_A-Za-z][_A-Za-z0-9]*\)$/\1 \2 \2/p'\'''
lt_cv_sys_global_symbol_to_c_name_address='sed -n -e '\''s/^: \([^ ]*\) $/  {\"\1\", (void *) 0},/p'\'' -e '\''s/^[ABCDGIRSTW]* \([^ ]*\) \([^ ]*\)$/  {"\2", (void *) \&\2},/p'\'''
lt_cv_sys_global_symbol_to_c_name_address_lib_prefix='sed -n -e '\''s/^: \([^ ]*\) $/  {\"\1\", (void *) 0},/p'\'' -e '\''s/^[ABCDGIRSTW]* \([^ ]*\) \(lib[^ ]*\)$/  {"\2", (void *) \&\2},/p'\'' -e '\''s/^[ABCDGIRSTW]* \([^ ]*\) \([^ ]*\)$/  {"lib\2", (void *) \&\2},/p'\'''
lt_cv_sys_global_symbol_to_cdecl='sed -n -e '\''s/^T .* \(.*\)$/extern int \1();/p'\'' -e '\''s/^[ABCDGIRSTW]* .* \(.*\)$/extern char \1;/p'\'''
lt_cv_sys_max_cmd_len=3458764513820540925

## ----------------- ##
## Output variables. ##
## ----------------- ##

ACLOCAL='${SHELL} /usr/people/atec4dwx/build_test/4DWX-Modeling/rtfdda/src/anen/missing --run aclocal-1.11'
AMDEPBACKSLASH='\'
AMDEP_FALSE='#'
AMDEP_TRUE=''
AMTAR='${SHELL} /usr/people/atec4dwx/build_test/4DWX-Modeling/rtfdda/src/anen/missing --run tar'
AM_CPPFLAGS=''
ANENINC_FLAGS='-I $(abs_top_srcdir)/lib'
AR='ar'
AUTOCONF='${SHELL} /usr/people/atec4dwx/build_test/4DWX-Modeling/rtfdda/src/anen/missing --run autoconf'
AUTOHEADER='${SHELL} /usr/people/atec4dwx/build_test/4DWX-Modeling/rtfdda/src/anen/missing --run autoheader'
AUTOMAKE='${SHELL} /usr/people/atec4dwx/build_test/4DWX-Modeling/rtfdda/src/anen/missing --run automake-1.11'
AWK='gawk'
CC='icc'
CCDEPMODE='depmode=none'
CFLAGS='-g -O2'
CPP='icc -E'
CPPFLAGS='-I/app/unsupported/COST/python/2.7.9/gnu//include -I/app/unsupported/COST/tcltk/8.6.4/gnu//include -I/app/unsupported/COST/bzip2/1.0.6/gnu//include'
CYGPATH_W='echo'
DEFS='-DPACKAGE_NAME=\"ANLOG-ENSEMBLE\" -DPACKAGE_TARNAME=\"anlog-ensemble\" -DPACKAGE_VERSION=\"1.0\" -DPACKAGE_STRING=\"ANLOG-ENSEMBLE\ 1.0\" -DPACKAGE_BUGREPORT=\"lucadm@ucar.edu\" -DPACKAGE=\"anlog-ensemble\" -DVERSION=\"1.0\" -DSTDC_HEADERS=1 -DHAVE_SYS_TYPES_H=1 -DHAVE_SYS_STAT_H=1 -DHAVE_STDLIB_H=1 -DHAVE_STRING_H=1 -DHAVE_MEMORY_H=1 -DHAVE_STRINGS_H=1 -DHAVE_INTTYPES_H=1 -DHAVE_STDINT_H=1 -DHAVE_UNISTD_H=1 -DHAVE_DLFCN_H=1 -DLT_OBJDIR=\".libs/\"'
DEPDIR='.deps'
DSYMUTIL=''
DUMPBIN=''
ECHO_C=''
ECHO_N='-n'
ECHO_T=''
EGREP='/usr/bin/grep -E'
EXEEXT=''
FC='ifort'
FCFLAGS='-g -heap-arrays -assume byterecl -assume noold_maxminloc -warn all -warn errors -fstack-security-check -O2 -fpe-all=0 -assume realloc_lhs'
FGREP='/usr/bin/grep -F'
GREP='/usr/bin/grep'
INSTALL_DATA='${INSTALL} -m 644'
INSTALL_PROGRAM='${INSTALL}'
INSTALL_SCRIPT='${INSTALL}'
INSTALL_STRIP_PROGRAM='$(install_sh) -c -s'
LD='/usr/x86_64-suse-linux/bin/ld -m elf_x86_64'
LDFLAGS='-L/app/unsupported/COST/git/2.4.4/gnu//lib -L/app/unsupported/COST/numpy/1.9.2/gnu//python2.7/lib -L/app/unsupported/COST/python/2.7.9/gnu//lib -L/app/unsupported/COST/tcltk/8.6.4/gnu//lib -L/app/unsupported/COST/bzip2/1.0.6/gnu//lib'
LIBOBJS=''
LIBS=''
LIBTOOL='$(SHELL) $(top_builddir)/libtool'
LIBTOOL_DEPS='./ltmain.sh'
LIBanen='$(abs_top_srcdir)/lib/libanen.a'
LIBnetcdf='-L/opt/cray/netcdf/4.4.0/INTEL/15.0/lib -lnetcdff'
LIPO=''
LN_S='ln -s'
LTLIBOBJS=''
MAKEINFO='${SHELL} /usr/people/atec4dwx/build_test/4DWX-Modeling/rtfdda/src/anen/missing --run makeinfo'
MKDIR_P='/bin/mkdir -p'
MPI=''
NETCDFINC_FLAGS='-I /opt/cray/netcdf/4.4.0/INTEL/15.0/include'
NETCDF_ROOT='/opt/cray/netcdf/4.4.0/INTEL/15.0'
NM='/usr/bin/nm -B'
NMEDIT=''
OBJDUMP='objdump'
OBJEXT='o'
OTOOL64=''
OTOOL=''
PACKAGE='anlog-ensemble'
PACKAGE_BUGREPORT='lucadm@ucar.edu'
PACKAGE_NAME='ANLOG-ENSEMBLE'
PACKAGE_STRING='ANLOG-ENSEMBLE 1.0'
PACKAGE_TARNAME='anlog-ensemble'
PACKAGE_VERSION='1.0'
PATH_SEPARATOR=':'
RANLIB='ranlib'
SED='/usr/bin/sed'
SET_MAKE=''
SHELL='/bin/sh'
STRIP='strip'
VERSION='1.0'
ac_ct_CC='icc'
ac_ct_DUMPBIN=''
ac_ct_FC=''
am__EXEEXT_FALSE=''
am__EXEEXT_TRUE='#'
am__fastdepCC_FALSE=''
am__fastdepCC_TRUE='#'
am__include='include'
am__isrc=''
am__leading_dot='.'
am__quote=''
am__tar='${AMTAR} chof - "$$tardir"'
am__untar='${AMTAR} xf -'
bindir='${exec_prefix}/bin'
build='x86_64-unknown-linux-gnu'
build_alias=''
build_cpu='x86_64'
build_os='linux-gnu'
build_vendor='unknown'
datadir='${datarootdir}'
datarootdir='${prefix}/share'
docdir='${datarootdir}/doc/${PACKAGE_TARNAME}'
dvidir='${docdir}'
exec_prefix='${prefix}'
host='x86_64-unknown-linux-gnu'
host_alias=''
host_cpu='x86_64'
host_os='linux-gnu'
host_vendor='unknown'
htmldir='${docdir}'
includedir='${prefix}/include'
infodir='${datarootdir}/info'
install_sh='${SHELL} /usr/people/atec4dwx/build_test/4DWX-Modeling/rtfdda/src/anen/install-sh'
libdir='${exec_prefix}/lib'
libexecdir='${exec_prefix}/libexec'
localedir='${datarootdir}/locale'
localstatedir='${prefix}/var'
lt_ECHO='echo'
mandir='${datarootdir}/man'
mkdir_p='/bin/mkdir -p'
oldincludedir='/usr/include'
pdfdir='${docdir}'
prefix='$(abs_top_srcdir)'
program_transform_name='s,x,x,'
psdir='${docdir}'
sbindir='${exec_prefix}/sbin'
sharedstatedir='${prefix}/com'
sysconfdir='${prefix}/etc'
target_alias=''

## ----------- ##
## confdefs.h. ##
## ----------- ##

#define PACKAGE_NAME "ANLOG-ENSEMBLE"
#define PACKAGE_TARNAME "anlog-ensemble"
#define PACKAGE_VERSION "1.0"
#define PACKAGE_STRING "ANLOG-ENSEMBLE 1.0"
#define PACKAGE_BUGREPORT "lucadm@ucar.edu"
#define PACKAGE "anlog-ensemble"
#define VERSION "1.0"
#define STDC_HEADERS 1
#define HAVE_SYS_TYPES_H 1
#define HAVE_SYS_STAT_H 1
#define HAVE_STDLIB_H 1
#define HAVE_STRING_H 1
#define HAVE_MEMORY_H 1
#define HAVE_STRINGS_H 1
#define HAVE_INTTYPES_H 1
#define HAVE_STDINT_H 1
#define HAVE_UNISTD_H 1
#define HAVE_DLFCN_H 1
#define LT_OBJDIR ".libs/"

configure: exit 0

## ---------------------- ##
## Running config.status. ##
## ---------------------- ##

This file was extended by ANLOG-ENSEMBLE config.status 1.0, which was
generated by GNU Autoconf 2.63.  Invocation command line was

  CONFIG_FILES    = 
  CONFIG_HEADERS  = 
  CONFIG_LINKS    = 
  CONFIG_COMMANDS = 
  $ ./config.status 

on excalibur-4dwx

config.status:976: creating Makefile
config.status:976: creating lib/Makefile
config.status:976: creating code/Makefile
config.status:1187: executing depfiles commands
config.status:1187: executing libtool commands
